Determining if the pthread_create exist failed with the following output:
Change Dir: /home/nuwan/git/vision_grasp_capstone/ws_capstone/build/realsense_gazebo_plugin/CMakeFiles/CMakeTmp

Run Build Command:"/usr/bin/make" "cmTC_42861/fast"
/usr/bin/make -f CMakeFiles/cmTC_42861.dir/build.make CMakeFiles/cmTC_42861.dir/build
make[1]: Entering directory '/home/nuwan/git/vision_grasp_capstone/ws_capstone/build/realsense_gazebo_plugin/CMakeFiles/CMakeTmp'
Building C object CMakeFiles/cmTC_42861.dir/CheckSymbolExists.c.o
/usr/bin/cc    -o CMakeFiles/cmTC_42861.dir/CheckSymbolExists.c.o   -c /home/nuwan/git/vision_grasp_capstone/ws_capstone/build/realsense_gazebo_plugin/CMakeFiles/CMakeTmp/CheckSymbolExists.c
Linking C executable cmTC_42861
/usr/bin/cmake -E cmake_link_script CMakeFiles/cmTC_42861.dir/link.txt --verbose=1
/usr/bin/cc      -rdynamic CMakeFiles/cmTC_42861.dir/CheckSymbolExists.c.o  -o cmTC_42861 
CMakeFiles/cmTC_42861.dir/CheckSymbolExists.c.o: In function `main':
CheckSymbolExists.c:(.text+0x1b): undefined reference to `pthread_create'
collect2: error: ld returned 1 exit status
CMakeFiles/cmTC_42861.dir/build.make:97: recipe for target 'cmTC_42861' failed
make[1]: *** [cmTC_42861] Error 1
make[1]: Leaving directory '/home/nuwan/git/vision_grasp_capstone/ws_capstone/build/realsense_gazebo_plugin/CMakeFiles/CMakeTmp'
Makefile:126: recipe for target 'cmTC_42861/fast' failed
make: *** [cmTC_42861/fast] Error 2

File /home/nuwan/git/vision_grasp_capstone/ws_capstone/build/realsense_gazebo_plugin/CMakeFiles/CMakeTmp/CheckSymbolExists.c:
/* */
#include <pthread.h>

int main(int argc, char** argv)
{
  (void)argv;
#ifndef pthread_create
  return ((int*)(&pthread_create))[argc];
#else
  (void)argc;
  return 0;
#endif
}

Determining if the function pthread_create exists in the pthreads failed with the following output:
Change Dir: /home/nuwan/git/vision_grasp_capstone/ws_capstone/build/realsense_gazebo_plugin/CMakeFiles/CMakeTmp

Run Build Command:"/usr/bin/make" "cmTC_de842/fast"
/usr/bin/make -f CMakeFiles/cmTC_de842.dir/build.make CMakeFiles/cmTC_de842.dir/build
make[1]: Entering directory '/home/nuwan/git/vision_grasp_capstone/ws_capstone/build/realsense_gazebo_plugin/CMakeFiles/CMakeTmp'
Building C object CMakeFiles/cmTC_de842.dir/CheckFunctionExists.c.o
/usr/bin/cc   -DCHECK_FUNCTION_EXISTS=pthread_create   -o CMakeFiles/cmTC_de842.dir/CheckFunctionExists.c.o   -c /usr/share/cmake-3.10/Modules/CheckFunctionExists.c
Linking C executable cmTC_de842
/usr/bin/cmake -E cmake_link_script CMakeFiles/cmTC_de842.dir/link.txt --verbose=1
/usr/bin/cc  -DCHECK_FUNCTION_EXISTS=pthread_create    -rdynamic CMakeFiles/cmTC_de842.dir/CheckFunctionExists.c.o  -o cmTC_de842 -lpthreads 
/usr/bin/ld: cannot find -lpthreads
collect2: error: ld returned 1 exit status
CMakeFiles/cmTC_de842.dir/build.make:97: recipe for target 'cmTC_de842' failed
make[1]: *** [cmTC_de842] Error 1
make[1]: Leaving directory '/home/nuwan/git/vision_grasp_capstone/ws_capstone/build/realsense_gazebo_plugin/CMakeFiles/CMakeTmp'
Makefile:126: recipe for target 'cmTC_de842/fast' failed
make: *** [cmTC_de842/fast] Error 2


