Determining if the pthread_create exist failed with the following output:
Change Dir: /home/nuwan/git/vision_grasp_capstone/ws_capstone/build/dougsm_helpers/CMakeFiles/CMakeTmp

Run Build Command:"/usr/bin/make" "cmTC_6c2ed/fast"
/usr/bin/make -f CMakeFiles/cmTC_6c2ed.dir/build.make CMakeFiles/cmTC_6c2ed.dir/build
make[1]: Entering directory '/home/nuwan/git/vision_grasp_capstone/ws_capstone/build/dougsm_helpers/CMakeFiles/CMakeTmp'
Building C object CMakeFiles/cmTC_6c2ed.dir/CheckSymbolExists.c.o
/usr/bin/cc    -o CMakeFiles/cmTC_6c2ed.dir/CheckSymbolExists.c.o   -c /home/nuwan/git/vision_grasp_capstone/ws_capstone/build/dougsm_helpers/CMakeFiles/CMakeTmp/CheckSymbolExists.c
Linking C executable cmTC_6c2ed
/usr/bin/cmake -E cmake_link_script CMakeFiles/cmTC_6c2ed.dir/link.txt --verbose=1
/usr/bin/cc      -rdynamic CMakeFiles/cmTC_6c2ed.dir/CheckSymbolExists.c.o  -o cmTC_6c2ed 
CMakeFiles/cmTC_6c2ed.dir/CheckSymbolExists.c.o: In function `main':
CheckSymbolExists.c:(.text+0x1b): undefined reference to `pthread_create'
collect2: error: ld returned 1 exit status
CMakeFiles/cmTC_6c2ed.dir/build.make:97: recipe for target 'cmTC_6c2ed' failed
make[1]: *** [cmTC_6c2ed] Error 1
make[1]: Leaving directory '/home/nuwan/git/vision_grasp_capstone/ws_capstone/build/dougsm_helpers/CMakeFiles/CMakeTmp'
Makefile:126: recipe for target 'cmTC_6c2ed/fast' failed
make: *** [cmTC_6c2ed/fast] Error 2

File /home/nuwan/git/vision_grasp_capstone/ws_capstone/build/dougsm_helpers/CMakeFiles/CMakeTmp/CheckSymbolExists.c:
/* */
#include <pthread.h>

int main(int argc, char** argv)
{
  (void)argv;
#ifndef pthread_create
  return ((int*)(&pthread_create))[argc];
#else
  (void)argc;
  return 0;
#endif
}

Determining if the function pthread_create exists in the pthreads failed with the following output:
Change Dir: /home/nuwan/git/vision_grasp_capstone/ws_capstone/build/dougsm_helpers/CMakeFiles/CMakeTmp

Run Build Command:"/usr/bin/make" "cmTC_fb6e3/fast"
/usr/bin/make -f CMakeFiles/cmTC_fb6e3.dir/build.make CMakeFiles/cmTC_fb6e3.dir/build
make[1]: Entering directory '/home/nuwan/git/vision_grasp_capstone/ws_capstone/build/dougsm_helpers/CMakeFiles/CMakeTmp'
Building C object CMakeFiles/cmTC_fb6e3.dir/CheckFunctionExists.c.o
/usr/bin/cc   -DCHECK_FUNCTION_EXISTS=pthread_create   -o CMakeFiles/cmTC_fb6e3.dir/CheckFunctionExists.c.o   -c /usr/share/cmake-3.10/Modules/CheckFunctionExists.c
Linking C executable cmTC_fb6e3
/usr/bin/cmake -E cmake_link_script CMakeFiles/cmTC_fb6e3.dir/link.txt --verbose=1
/usr/bin/cc  -DCHECK_FUNCTION_EXISTS=pthread_create    -rdynamic CMakeFiles/cmTC_fb6e3.dir/CheckFunctionExists.c.o  -o cmTC_fb6e3 -lpthreads 
/usr/bin/ld: cannot find -lpthreads
collect2: error: ld returned 1 exit status
CMakeFiles/cmTC_fb6e3.dir/build.make:97: recipe for target 'cmTC_fb6e3' failed
make[1]: *** [cmTC_fb6e3] Error 1
make[1]: Leaving directory '/home/nuwan/git/vision_grasp_capstone/ws_capstone/build/dougsm_helpers/CMakeFiles/CMakeTmp'
Makefile:126: recipe for target 'cmTC_fb6e3/fast' failed
make: *** [cmTC_fb6e3/fast] Error 2


