Determining if the pthread_create exist failed with the following output:
Change Dir: /home/josh/Documents/GitHub/vision_grasp_capstone/ws_capstone/build/catkin_tools_prebuild/CMakeFiles/CMakeTmp

Run Build Command:"/usr/bin/make" "cmTC_3ea5e/fast"
/usr/bin/make -f CMakeFiles/cmTC_3ea5e.dir/build.make CMakeFiles/cmTC_3ea5e.dir/build
make[1]: Entering directory '/home/josh/Documents/GitHub/vision_grasp_capstone/ws_capstone/build/catkin_tools_prebuild/CMakeFiles/CMakeTmp'
Building C object CMakeFiles/cmTC_3ea5e.dir/CheckSymbolExists.c.o
/usr/bin/cc    -o CMakeFiles/cmTC_3ea5e.dir/CheckSymbolExists.c.o   -c /home/josh/Documents/GitHub/vision_grasp_capstone/ws_capstone/build/catkin_tools_prebuild/CMakeFiles/CMakeTmp/CheckSymbolExists.c
Linking C executable cmTC_3ea5e
/usr/bin/cmake -E cmake_link_script CMakeFiles/cmTC_3ea5e.dir/link.txt --verbose=1
/usr/bin/cc      -rdynamic CMakeFiles/cmTC_3ea5e.dir/CheckSymbolExists.c.o  -o cmTC_3ea5e 
CMakeFiles/cmTC_3ea5e.dir/CheckSymbolExists.c.o: In function `main':
CheckSymbolExists.c:(.text+0x1b): undefined reference to `pthread_create'
collect2: error: ld returned 1 exit status
CMakeFiles/cmTC_3ea5e.dir/build.make:97: recipe for target 'cmTC_3ea5e' failed
make[1]: *** [cmTC_3ea5e] Error 1
make[1]: Leaving directory '/home/josh/Documents/GitHub/vision_grasp_capstone/ws_capstone/build/catkin_tools_prebuild/CMakeFiles/CMakeTmp'
Makefile:126: recipe for target 'cmTC_3ea5e/fast' failed
make: *** [cmTC_3ea5e/fast] Error 2

File /home/josh/Documents/GitHub/vision_grasp_capstone/ws_capstone/build/catkin_tools_prebuild/CMakeFiles/CMakeTmp/CheckSymbolExists.c:
/* */
#include <pthread.h>

int main(int argc, char** argv)
{
  (void)argv;
#ifndef pthread_create
  return ((int*)(&pthread_create))[argc];
#else
  (void)argc;
  return 0;
#endif
}

Determining if the function pthread_create exists in the pthreads failed with the following output:
Change Dir: /home/josh/Documents/GitHub/vision_grasp_capstone/ws_capstone/build/catkin_tools_prebuild/CMakeFiles/CMakeTmp

Run Build Command:"/usr/bin/make" "cmTC_8864a/fast"
/usr/bin/make -f CMakeFiles/cmTC_8864a.dir/build.make CMakeFiles/cmTC_8864a.dir/build
make[1]: Entering directory '/home/josh/Documents/GitHub/vision_grasp_capstone/ws_capstone/build/catkin_tools_prebuild/CMakeFiles/CMakeTmp'
Building C object CMakeFiles/cmTC_8864a.dir/CheckFunctionExists.c.o
/usr/bin/cc   -DCHECK_FUNCTION_EXISTS=pthread_create   -o CMakeFiles/cmTC_8864a.dir/CheckFunctionExists.c.o   -c /usr/share/cmake-3.10/Modules/CheckFunctionExists.c
Linking C executable cmTC_8864a
/usr/bin/cmake -E cmake_link_script CMakeFiles/cmTC_8864a.dir/link.txt --verbose=1
/usr/bin/cc  -DCHECK_FUNCTION_EXISTS=pthread_create    -rdynamic CMakeFiles/cmTC_8864a.dir/CheckFunctionExists.c.o  -o cmTC_8864a -lpthreads 
/usr/bin/ld: cannot find -lpthreads
collect2: error: ld returned 1 exit status
CMakeFiles/cmTC_8864a.dir/build.make:97: recipe for target 'cmTC_8864a' failed
make[1]: *** [cmTC_8864a] Error 1
make[1]: Leaving directory '/home/josh/Documents/GitHub/vision_grasp_capstone/ws_capstone/build/catkin_tools_prebuild/CMakeFiles/CMakeTmp'
Makefile:126: recipe for target 'cmTC_8864a/fast' failed
make: *** [cmTC_8864a/fast] Error 2


