Symlinking /home/nuwan/git/vision_grasp_capstone/ws_capstone/devel/share/roseus/ros/mvp_grasping/manifest.l
Symlinking /home/nuwan/git/vision_grasp_capstone/ws_capstone/devel/share/roseus/ros/mvp_grasping/msg/Grasp.l
Symlinking /home/nuwan/git/vision_grasp_capstone/ws_capstone/devel/share/roseus/ros/mvp_grasping/srv/NextViewpoint.l
Symlinking /home/nuwan/git/vision_grasp_capstone/ws_capstone/devel/share/roseus/ros/mvp_grasping/srv/AddFailurePoint.l
Symlinking /home/nuwan/git/vision_grasp_capstone/ws_capstone/devel/share/mvp_grasping/cmake/mvp_graspingConfig-version.cmake
Symlinking /home/nuwan/git/vision_grasp_capstone/ws_capstone/devel/share/mvp_grasping/cmake/mvp_grasping-msg-paths.cmake
Symlinking /home/nuwan/git/vision_grasp_capstone/ws_capstone/devel/share/mvp_grasping/cmake/mvp_grasping-msg-extras.cmake
Symlinking /home/nuwan/git/vision_grasp_capstone/ws_capstone/devel/share/mvp_grasping/cmake/mvp_graspingConfig.cmake
Symlinking /home/nuwan/git/vision_grasp_capstone/ws_capstone/devel/share/common-lisp/ros/mvp_grasping/msg/_package_Grasp.lisp
Symlinking /home/nuwan/git/vision_grasp_capstone/ws_capstone/devel/share/common-lisp/ros/mvp_grasping/msg/_package.lisp
Symlinking /home/nuwan/git/vision_grasp_capstone/ws_capstone/devel/share/common-lisp/ros/mvp_grasping/msg/mvp_grasping-msg.asd
Symlinking /home/nuwan/git/vision_grasp_capstone/ws_capstone/devel/share/common-lisp/ros/mvp_grasping/msg/Grasp.lisp
Symlinking /home/nuwan/git/vision_grasp_capstone/ws_capstone/devel/share/common-lisp/ros/mvp_grasping/srv/AddFailurePoint.lisp
Symlinking /home/nuwan/git/vision_grasp_capstone/ws_capstone/devel/share/common-lisp/ros/mvp_grasping/srv/_package.lisp
Symlinking /home/nuwan/git/vision_grasp_capstone/ws_capstone/devel/share/common-lisp/ros/mvp_grasping/srv/_package_NextViewpoint.lisp
Symlinking /home/nuwan/git/vision_grasp_capstone/ws_capstone/devel/share/common-lisp/ros/mvp_grasping/srv/NextViewpoint.lisp
Symlinking /home/nuwan/git/vision_grasp_capstone/ws_capstone/devel/share/common-lisp/ros/mvp_grasping/srv/mvp_grasping-srv.asd
Symlinking /home/nuwan/git/vision_grasp_capstone/ws_capstone/devel/share/common-lisp/ros/mvp_grasping/srv/_package_AddFailurePoint.lisp
Symlinking /home/nuwan/git/vision_grasp_capstone/ws_capstone/devel/share/gennodejs/ros/mvp_grasping/_index.js
Symlinking /home/nuwan/git/vision_grasp_capstone/ws_capstone/devel/share/gennodejs/ros/mvp_grasping/msg/Grasp.js
Symlinking /home/nuwan/git/vision_grasp_capstone/ws_capstone/devel/share/gennodejs/ros/mvp_grasping/msg/_index.js
Symlinking /home/nuwan/git/vision_grasp_capstone/ws_capstone/devel/share/gennodejs/ros/mvp_grasping/srv/NextViewpoint.js
Symlinking /home/nuwan/git/vision_grasp_capstone/ws_capstone/devel/share/gennodejs/ros/mvp_grasping/srv/AddFailurePoint.js
Symlinking /home/nuwan/git/vision_grasp_capstone/ws_capstone/devel/share/gennodejs/ros/mvp_grasping/srv/_index.js
Symlinking /home/nuwan/git/vision_grasp_capstone/ws_capstone/devel/include/mvp_grasping/AddFailurePoint.h
Symlinking /home/nuwan/git/vision_grasp_capstone/ws_capstone/devel/include/mvp_grasping/NextViewpoint.h
Symlinking /home/nuwan/git/vision_grasp_capstone/ws_capstone/devel/include/mvp_grasping/NextViewpointResponse.h
Symlinking /home/nuwan/git/vision_grasp_capstone/ws_capstone/devel/include/mvp_grasping/Grasp.h
Symlinking /home/nuwan/git/vision_grasp_capstone/ws_capstone/devel/include/mvp_grasping/AddFailurePointResponse.h
Symlinking /home/nuwan/git/vision_grasp_capstone/ws_capstone/devel/include/mvp_grasping/NextViewpointRequest.h
Symlinking /home/nuwan/git/vision_grasp_capstone/ws_capstone/devel/include/mvp_grasping/AddFailurePointRequest.h
Symlinking /home/nuwan/git/vision_grasp_capstone/ws_capstone/devel/lib/pkgconfig/mvp_grasping.pc
Symlinking /home/nuwan/git/vision_grasp_capstone/ws_capstone/devel/lib/python2.7/dist-packages/mvp_grasping/__init__.py
Symlinking /home/nuwan/git/vision_grasp_capstone/ws_capstone/devel/lib/python2.7/dist-packages/mvp_grasping/msg/__init__.py
Symlinking /home/nuwan/git/vision_grasp_capstone/ws_capstone/devel/lib/python2.7/dist-packages/mvp_grasping/msg/_Grasp.py
Symlinking /home/nuwan/git/vision_grasp_capstone/ws_capstone/devel/lib/python2.7/dist-packages/mvp_grasping/srv/__init__.py
Symlinking /home/nuwan/git/vision_grasp_capstone/ws_capstone/devel/lib/python2.7/dist-packages/mvp_grasping/srv/_NextViewpoint.py
Symlinking /home/nuwan/git/vision_grasp_capstone/ws_capstone/devel/lib/python2.7/dist-packages/mvp_grasping/srv/_AddFailurePoint.py
