Linked: (/home/liam/git/vision_grasp_capstone/ws_capstone/devel/.private/mvp_grasping/include/mvp_grasping/AddFailurePoint.h, /home/liam/git/vision_grasp_capstone/ws_capstone/devel/include/mvp_grasping/AddFailurePoint.h)
Linked: (/home/liam/git/vision_grasp_capstone/ws_capstone/devel/.private/mvp_grasping/include/mvp_grasping/NextViewpoint.h, /home/liam/git/vision_grasp_capstone/ws_capstone/devel/include/mvp_grasping/NextViewpoint.h)
Linked: (/home/liam/git/vision_grasp_capstone/ws_capstone/devel/.private/mvp_grasping/include/mvp_grasping/AddFailurePointRequest.h, /home/liam/git/vision_grasp_capstone/ws_capstone/devel/include/mvp_grasping/AddFailurePointRequest.h)
Linked: (/home/liam/git/vision_grasp_capstone/ws_capstone/devel/.private/mvp_grasping/include/mvp_grasping/NextViewpointRequest.h, /home/liam/git/vision_grasp_capstone/ws_capstone/devel/include/mvp_grasping/NextViewpointRequest.h)
Linked: (/home/liam/git/vision_grasp_capstone/ws_capstone/devel/.private/mvp_grasping/include/mvp_grasping/AddFailurePointResponse.h, /home/liam/git/vision_grasp_capstone/ws_capstone/devel/include/mvp_grasping/AddFailurePointResponse.h)
Linked: (/home/liam/git/vision_grasp_capstone/ws_capstone/devel/.private/mvp_grasping/include/mvp_grasping/Grasp.h, /home/liam/git/vision_grasp_capstone/ws_capstone/devel/include/mvp_grasping/Grasp.h)
Linked: (/home/liam/git/vision_grasp_capstone/ws_capstone/devel/.private/mvp_grasping/include/mvp_grasping/NextViewpointResponse.h, /home/liam/git/vision_grasp_capstone/ws_capstone/devel/include/mvp_grasping/NextViewpointResponse.h)
Linked: (/home/liam/git/vision_grasp_capstone/ws_capstone/devel/.private/mvp_grasping/lib/pkgconfig/mvp_grasping.pc, /home/liam/git/vision_grasp_capstone/ws_capstone/devel/lib/pkgconfig/mvp_grasping.pc)
Linked: (/home/liam/git/vision_grasp_capstone/ws_capstone/devel/.private/mvp_grasping/lib/python2.7/dist-packages/mvp_grasping/__init__.py, /home/liam/git/vision_grasp_capstone/ws_capstone/devel/lib/python2.7/dist-packages/mvp_grasping/__init__.py)
Linked: (/home/liam/git/vision_grasp_capstone/ws_capstone/devel/.private/mvp_grasping/lib/python2.7/dist-packages/mvp_grasping/srv/_NextViewpoint.py, /home/liam/git/vision_grasp_capstone/ws_capstone/devel/lib/python2.7/dist-packages/mvp_grasping/srv/_NextViewpoint.py)
Linked: (/home/liam/git/vision_grasp_capstone/ws_capstone/devel/.private/mvp_grasping/lib/python2.7/dist-packages/mvp_grasping/srv/__init__.py, /home/liam/git/vision_grasp_capstone/ws_capstone/devel/lib/python2.7/dist-packages/mvp_grasping/srv/__init__.py)
Linked: (/home/liam/git/vision_grasp_capstone/ws_capstone/devel/.private/mvp_grasping/lib/python2.7/dist-packages/mvp_grasping/srv/_AddFailurePoint.py, /home/liam/git/vision_grasp_capstone/ws_capstone/devel/lib/python2.7/dist-packages/mvp_grasping/srv/_AddFailurePoint.py)
Linked: (/home/liam/git/vision_grasp_capstone/ws_capstone/devel/.private/mvp_grasping/lib/python2.7/dist-packages/mvp_grasping/msg/__init__.py, /home/liam/git/vision_grasp_capstone/ws_capstone/devel/lib/python2.7/dist-packages/mvp_grasping/msg/__init__.py)
Linked: (/home/liam/git/vision_grasp_capstone/ws_capstone/devel/.private/mvp_grasping/lib/python2.7/dist-packages/mvp_grasping/msg/_Grasp.py, /home/liam/git/vision_grasp_capstone/ws_capstone/devel/lib/python2.7/dist-packages/mvp_grasping/msg/_Grasp.py)
Linked: (/home/liam/git/vision_grasp_capstone/ws_capstone/devel/.private/mvp_grasping/share/common-lisp/ros/mvp_grasping/srv/NextViewpoint.lisp, /home/liam/git/vision_grasp_capstone/ws_capstone/devel/share/common-lisp/ros/mvp_grasping/srv/NextViewpoint.lisp)
Linked: (/home/liam/git/vision_grasp_capstone/ws_capstone/devel/.private/mvp_grasping/share/common-lisp/ros/mvp_grasping/srv/AddFailurePoint.lisp, /home/liam/git/vision_grasp_capstone/ws_capstone/devel/share/common-lisp/ros/mvp_grasping/srv/AddFailurePoint.lisp)
Linked: (/home/liam/git/vision_grasp_capstone/ws_capstone/devel/.private/mvp_grasping/share/common-lisp/ros/mvp_grasping/srv/mvp_grasping-srv.asd, /home/liam/git/vision_grasp_capstone/ws_capstone/devel/share/common-lisp/ros/mvp_grasping/srv/mvp_grasping-srv.asd)
Linked: (/home/liam/git/vision_grasp_capstone/ws_capstone/devel/.private/mvp_grasping/share/common-lisp/ros/mvp_grasping/srv/_package_AddFailurePoint.lisp, /home/liam/git/vision_grasp_capstone/ws_capstone/devel/share/common-lisp/ros/mvp_grasping/srv/_package_AddFailurePoint.lisp)
Linked: (/home/liam/git/vision_grasp_capstone/ws_capstone/devel/.private/mvp_grasping/share/common-lisp/ros/mvp_grasping/srv/_package.lisp, /home/liam/git/vision_grasp_capstone/ws_capstone/devel/share/common-lisp/ros/mvp_grasping/srv/_package.lisp)
Linked: (/home/liam/git/vision_grasp_capstone/ws_capstone/devel/.private/mvp_grasping/share/common-lisp/ros/mvp_grasping/srv/_package_NextViewpoint.lisp, /home/liam/git/vision_grasp_capstone/ws_capstone/devel/share/common-lisp/ros/mvp_grasping/srv/_package_NextViewpoint.lisp)
Linked: (/home/liam/git/vision_grasp_capstone/ws_capstone/devel/.private/mvp_grasping/share/common-lisp/ros/mvp_grasping/msg/_package_Grasp.lisp, /home/liam/git/vision_grasp_capstone/ws_capstone/devel/share/common-lisp/ros/mvp_grasping/msg/_package_Grasp.lisp)
Linked: (/home/liam/git/vision_grasp_capstone/ws_capstone/devel/.private/mvp_grasping/share/common-lisp/ros/mvp_grasping/msg/mvp_grasping-msg.asd, /home/liam/git/vision_grasp_capstone/ws_capstone/devel/share/common-lisp/ros/mvp_grasping/msg/mvp_grasping-msg.asd)
Linked: (/home/liam/git/vision_grasp_capstone/ws_capstone/devel/.private/mvp_grasping/share/common-lisp/ros/mvp_grasping/msg/_package.lisp, /home/liam/git/vision_grasp_capstone/ws_capstone/devel/share/common-lisp/ros/mvp_grasping/msg/_package.lisp)
Linked: (/home/liam/git/vision_grasp_capstone/ws_capstone/devel/.private/mvp_grasping/share/common-lisp/ros/mvp_grasping/msg/Grasp.lisp, /home/liam/git/vision_grasp_capstone/ws_capstone/devel/share/common-lisp/ros/mvp_grasping/msg/Grasp.lisp)
Linked: (/home/liam/git/vision_grasp_capstone/ws_capstone/devel/.private/mvp_grasping/share/gennodejs/ros/mvp_grasping/_index.js, /home/liam/git/vision_grasp_capstone/ws_capstone/devel/share/gennodejs/ros/mvp_grasping/_index.js)
Linked: (/home/liam/git/vision_grasp_capstone/ws_capstone/devel/.private/mvp_grasping/share/gennodejs/ros/mvp_grasping/srv/NextViewpoint.js, /home/liam/git/vision_grasp_capstone/ws_capstone/devel/share/gennodejs/ros/mvp_grasping/srv/NextViewpoint.js)
Linked: (/home/liam/git/vision_grasp_capstone/ws_capstone/devel/.private/mvp_grasping/share/gennodejs/ros/mvp_grasping/srv/AddFailurePoint.js, /home/liam/git/vision_grasp_capstone/ws_capstone/devel/share/gennodejs/ros/mvp_grasping/srv/AddFailurePoint.js)
Linked: (/home/liam/git/vision_grasp_capstone/ws_capstone/devel/.private/mvp_grasping/share/gennodejs/ros/mvp_grasping/srv/_index.js, /home/liam/git/vision_grasp_capstone/ws_capstone/devel/share/gennodejs/ros/mvp_grasping/srv/_index.js)
Linked: (/home/liam/git/vision_grasp_capstone/ws_capstone/devel/.private/mvp_grasping/share/gennodejs/ros/mvp_grasping/msg/_index.js, /home/liam/git/vision_grasp_capstone/ws_capstone/devel/share/gennodejs/ros/mvp_grasping/msg/_index.js)
Linked: (/home/liam/git/vision_grasp_capstone/ws_capstone/devel/.private/mvp_grasping/share/gennodejs/ros/mvp_grasping/msg/Grasp.js, /home/liam/git/vision_grasp_capstone/ws_capstone/devel/share/gennodejs/ros/mvp_grasping/msg/Grasp.js)
Linked: (/home/liam/git/vision_grasp_capstone/ws_capstone/devel/.private/mvp_grasping/share/roseus/ros/mvp_grasping/manifest.l, /home/liam/git/vision_grasp_capstone/ws_capstone/devel/share/roseus/ros/mvp_grasping/manifest.l)
Linked: (/home/liam/git/vision_grasp_capstone/ws_capstone/devel/.private/mvp_grasping/share/roseus/ros/mvp_grasping/srv/NextViewpoint.l, /home/liam/git/vision_grasp_capstone/ws_capstone/devel/share/roseus/ros/mvp_grasping/srv/NextViewpoint.l)
Linked: (/home/liam/git/vision_grasp_capstone/ws_capstone/devel/.private/mvp_grasping/share/roseus/ros/mvp_grasping/srv/AddFailurePoint.l, /home/liam/git/vision_grasp_capstone/ws_capstone/devel/share/roseus/ros/mvp_grasping/srv/AddFailurePoint.l)
Linked: (/home/liam/git/vision_grasp_capstone/ws_capstone/devel/.private/mvp_grasping/share/roseus/ros/mvp_grasping/msg/Grasp.l, /home/liam/git/vision_grasp_capstone/ws_capstone/devel/share/roseus/ros/mvp_grasping/msg/Grasp.l)
Linked: (/home/liam/git/vision_grasp_capstone/ws_capstone/devel/.private/mvp_grasping/share/mvp_grasping/cmake/mvp_grasping-msg-extras.cmake, /home/liam/git/vision_grasp_capstone/ws_capstone/devel/share/mvp_grasping/cmake/mvp_grasping-msg-extras.cmake)
Linked: (/home/liam/git/vision_grasp_capstone/ws_capstone/devel/.private/mvp_grasping/share/mvp_grasping/cmake/mvp_grasping-msg-paths.cmake, /home/liam/git/vision_grasp_capstone/ws_capstone/devel/share/mvp_grasping/cmake/mvp_grasping-msg-paths.cmake)
Linked: (/home/liam/git/vision_grasp_capstone/ws_capstone/devel/.private/mvp_grasping/share/mvp_grasping/cmake/mvp_graspingConfig-version.cmake, /home/liam/git/vision_grasp_capstone/ws_capstone/devel/share/mvp_grasping/cmake/mvp_graspingConfig-version.cmake)
Linked: (/home/liam/git/vision_grasp_capstone/ws_capstone/devel/.private/mvp_grasping/share/mvp_grasping/cmake/mvp_graspingConfig.cmake, /home/liam/git/vision_grasp_capstone/ws_capstone/devel/share/mvp_grasping/cmake/mvp_graspingConfig.cmake)
