Symlinking /home/liam/git/vision_grasp_capstone/ws_capstone/devel/include/ggcnn/GraspPrediction.h
Symlinking /home/liam/git/vision_grasp_capstone/ws_capstone/devel/include/ggcnn/GraspPredictionResponse.h
Symlinking /home/liam/git/vision_grasp_capstone/ws_capstone/devel/include/ggcnn/Grasp.h
Symlinking /home/liam/git/vision_grasp_capstone/ws_capstone/devel/include/ggcnn/GraspPredictionRequest.h
Symlinking /home/liam/git/vision_grasp_capstone/ws_capstone/devel/lib/pkgconfig/ggcnn.pc
Symlinking /home/liam/git/vision_grasp_capstone/ws_capstone/devel/lib/python2.7/dist-packages/ggcnn/__init__.py
Symlinking /home/liam/git/vision_grasp_capstone/ws_capstone/devel/lib/python2.7/dist-packages/ggcnn/srv/__init__.py
Symlinking /home/liam/git/vision_grasp_capstone/ws_capstone/devel/lib/python2.7/dist-packages/ggcnn/srv/_GraspPrediction.py
Symlinking /home/liam/git/vision_grasp_capstone/ws_capstone/devel/lib/python2.7/dist-packages/ggcnn/msg/__init__.py
Symlinking /home/liam/git/vision_grasp_capstone/ws_capstone/devel/lib/python2.7/dist-packages/ggcnn/msg/_Grasp.py
Symlinking /home/liam/git/vision_grasp_capstone/ws_capstone/devel/share/common-lisp/ros/ggcnn/srv/ggcnn-srv.asd
Symlinking /home/liam/git/vision_grasp_capstone/ws_capstone/devel/share/common-lisp/ros/ggcnn/srv/GraspPrediction.lisp
Symlinking /home/liam/git/vision_grasp_capstone/ws_capstone/devel/share/common-lisp/ros/ggcnn/srv/_package.lisp
Symlinking /home/liam/git/vision_grasp_capstone/ws_capstone/devel/share/common-lisp/ros/ggcnn/srv/_package_GraspPrediction.lisp
Symlinking /home/liam/git/vision_grasp_capstone/ws_capstone/devel/share/common-lisp/ros/ggcnn/msg/_package_Grasp.lisp
Symlinking /home/liam/git/vision_grasp_capstone/ws_capstone/devel/share/common-lisp/ros/ggcnn/msg/ggcnn-msg.asd
Symlinking /home/liam/git/vision_grasp_capstone/ws_capstone/devel/share/common-lisp/ros/ggcnn/msg/_package.lisp
Symlinking /home/liam/git/vision_grasp_capstone/ws_capstone/devel/share/common-lisp/ros/ggcnn/msg/Grasp.lisp
Symlinking /home/liam/git/vision_grasp_capstone/ws_capstone/devel/share/gennodejs/ros/ggcnn/_index.js
Symlinking /home/liam/git/vision_grasp_capstone/ws_capstone/devel/share/gennodejs/ros/ggcnn/srv/_index.js
Symlinking /home/liam/git/vision_grasp_capstone/ws_capstone/devel/share/gennodejs/ros/ggcnn/srv/GraspPrediction.js
Symlinking /home/liam/git/vision_grasp_capstone/ws_capstone/devel/share/gennodejs/ros/ggcnn/msg/_index.js
Symlinking /home/liam/git/vision_grasp_capstone/ws_capstone/devel/share/gennodejs/ros/ggcnn/msg/Grasp.js
Symlinking /home/liam/git/vision_grasp_capstone/ws_capstone/devel/share/ggcnn/cmake/ggcnn-msg-paths.cmake
Symlinking /home/liam/git/vision_grasp_capstone/ws_capstone/devel/share/ggcnn/cmake/ggcnn-msg-extras.cmake
Symlinking /home/liam/git/vision_grasp_capstone/ws_capstone/devel/share/ggcnn/cmake/ggcnnConfig.cmake
Symlinking /home/liam/git/vision_grasp_capstone/ws_capstone/devel/share/ggcnn/cmake/ggcnnConfig-version.cmake
Symlinking /home/liam/git/vision_grasp_capstone/ws_capstone/devel/share/roseus/ros/ggcnn/manifest.l
Symlinking /home/liam/git/vision_grasp_capstone/ws_capstone/devel/share/roseus/ros/ggcnn/srv/GraspPrediction.l
Symlinking /home/liam/git/vision_grasp_capstone/ws_capstone/devel/share/roseus/ros/ggcnn/msg/Grasp.l
