Linked: (/home/liam/git/vision_grasp_capstone/ws_capstone/devel/.private/ggcnn/include/ggcnn/GraspPrediction.h, /home/liam/git/vision_grasp_capstone/ws_capstone/devel/include/ggcnn/GraspPrediction.h)
Linked: (/home/liam/git/vision_grasp_capstone/ws_capstone/devel/.private/ggcnn/include/ggcnn/GraspPredictionResponse.h, /home/liam/git/vision_grasp_capstone/ws_capstone/devel/include/ggcnn/GraspPredictionResponse.h)
Linked: (/home/liam/git/vision_grasp_capstone/ws_capstone/devel/.private/ggcnn/include/ggcnn/Grasp.h, /home/liam/git/vision_grasp_capstone/ws_capstone/devel/include/ggcnn/Grasp.h)
Linked: (/home/liam/git/vision_grasp_capstone/ws_capstone/devel/.private/ggcnn/include/ggcnn/GraspPredictionRequest.h, /home/liam/git/vision_grasp_capstone/ws_capstone/devel/include/ggcnn/GraspPredictionRequest.h)
Linked: (/home/liam/git/vision_grasp_capstone/ws_capstone/devel/.private/ggcnn/lib/pkgconfig/ggcnn.pc, /home/liam/git/vision_grasp_capstone/ws_capstone/devel/lib/pkgconfig/ggcnn.pc)
Linked: (/home/liam/git/vision_grasp_capstone/ws_capstone/devel/.private/ggcnn/lib/python2.7/dist-packages/ggcnn/__init__.py, /home/liam/git/vision_grasp_capstone/ws_capstone/devel/lib/python2.7/dist-packages/ggcnn/__init__.py)
Linked: (/home/liam/git/vision_grasp_capstone/ws_capstone/devel/.private/ggcnn/lib/python2.7/dist-packages/ggcnn/srv/__init__.py, /home/liam/git/vision_grasp_capstone/ws_capstone/devel/lib/python2.7/dist-packages/ggcnn/srv/__init__.py)
Linked: (/home/liam/git/vision_grasp_capstone/ws_capstone/devel/.private/ggcnn/lib/python2.7/dist-packages/ggcnn/srv/_GraspPrediction.py, /home/liam/git/vision_grasp_capstone/ws_capstone/devel/lib/python2.7/dist-packages/ggcnn/srv/_GraspPrediction.py)
Linked: (/home/liam/git/vision_grasp_capstone/ws_capstone/devel/.private/ggcnn/lib/python2.7/dist-packages/ggcnn/msg/__init__.py, /home/liam/git/vision_grasp_capstone/ws_capstone/devel/lib/python2.7/dist-packages/ggcnn/msg/__init__.py)
Linked: (/home/liam/git/vision_grasp_capstone/ws_capstone/devel/.private/ggcnn/lib/python2.7/dist-packages/ggcnn/msg/_Grasp.py, /home/liam/git/vision_grasp_capstone/ws_capstone/devel/lib/python2.7/dist-packages/ggcnn/msg/_Grasp.py)
Linked: (/home/liam/git/vision_grasp_capstone/ws_capstone/devel/.private/ggcnn/share/common-lisp/ros/ggcnn/srv/ggcnn-srv.asd, /home/liam/git/vision_grasp_capstone/ws_capstone/devel/share/common-lisp/ros/ggcnn/srv/ggcnn-srv.asd)
Linked: (/home/liam/git/vision_grasp_capstone/ws_capstone/devel/.private/ggcnn/share/common-lisp/ros/ggcnn/srv/GraspPrediction.lisp, /home/liam/git/vision_grasp_capstone/ws_capstone/devel/share/common-lisp/ros/ggcnn/srv/GraspPrediction.lisp)
Linked: (/home/liam/git/vision_grasp_capstone/ws_capstone/devel/.private/ggcnn/share/common-lisp/ros/ggcnn/srv/_package.lisp, /home/liam/git/vision_grasp_capstone/ws_capstone/devel/share/common-lisp/ros/ggcnn/srv/_package.lisp)
Linked: (/home/liam/git/vision_grasp_capstone/ws_capstone/devel/.private/ggcnn/share/common-lisp/ros/ggcnn/srv/_package_GraspPrediction.lisp, /home/liam/git/vision_grasp_capstone/ws_capstone/devel/share/common-lisp/ros/ggcnn/srv/_package_GraspPrediction.lisp)
Linked: (/home/liam/git/vision_grasp_capstone/ws_capstone/devel/.private/ggcnn/share/common-lisp/ros/ggcnn/msg/_package_Grasp.lisp, /home/liam/git/vision_grasp_capstone/ws_capstone/devel/share/common-lisp/ros/ggcnn/msg/_package_Grasp.lisp)
Linked: (/home/liam/git/vision_grasp_capstone/ws_capstone/devel/.private/ggcnn/share/common-lisp/ros/ggcnn/msg/ggcnn-msg.asd, /home/liam/git/vision_grasp_capstone/ws_capstone/devel/share/common-lisp/ros/ggcnn/msg/ggcnn-msg.asd)
Linked: (/home/liam/git/vision_grasp_capstone/ws_capstone/devel/.private/ggcnn/share/common-lisp/ros/ggcnn/msg/_package.lisp, /home/liam/git/vision_grasp_capstone/ws_capstone/devel/share/common-lisp/ros/ggcnn/msg/_package.lisp)
Linked: (/home/liam/git/vision_grasp_capstone/ws_capstone/devel/.private/ggcnn/share/common-lisp/ros/ggcnn/msg/Grasp.lisp, /home/liam/git/vision_grasp_capstone/ws_capstone/devel/share/common-lisp/ros/ggcnn/msg/Grasp.lisp)
Linked: (/home/liam/git/vision_grasp_capstone/ws_capstone/devel/.private/ggcnn/share/gennodejs/ros/ggcnn/_index.js, /home/liam/git/vision_grasp_capstone/ws_capstone/devel/share/gennodejs/ros/ggcnn/_index.js)
Linked: (/home/liam/git/vision_grasp_capstone/ws_capstone/devel/.private/ggcnn/share/gennodejs/ros/ggcnn/srv/_index.js, /home/liam/git/vision_grasp_capstone/ws_capstone/devel/share/gennodejs/ros/ggcnn/srv/_index.js)
Linked: (/home/liam/git/vision_grasp_capstone/ws_capstone/devel/.private/ggcnn/share/gennodejs/ros/ggcnn/srv/GraspPrediction.js, /home/liam/git/vision_grasp_capstone/ws_capstone/devel/share/gennodejs/ros/ggcnn/srv/GraspPrediction.js)
Linked: (/home/liam/git/vision_grasp_capstone/ws_capstone/devel/.private/ggcnn/share/gennodejs/ros/ggcnn/msg/_index.js, /home/liam/git/vision_grasp_capstone/ws_capstone/devel/share/gennodejs/ros/ggcnn/msg/_index.js)
Linked: (/home/liam/git/vision_grasp_capstone/ws_capstone/devel/.private/ggcnn/share/gennodejs/ros/ggcnn/msg/Grasp.js, /home/liam/git/vision_grasp_capstone/ws_capstone/devel/share/gennodejs/ros/ggcnn/msg/Grasp.js)
Linked: (/home/liam/git/vision_grasp_capstone/ws_capstone/devel/.private/ggcnn/share/ggcnn/cmake/ggcnn-msg-paths.cmake, /home/liam/git/vision_grasp_capstone/ws_capstone/devel/share/ggcnn/cmake/ggcnn-msg-paths.cmake)
Linked: (/home/liam/git/vision_grasp_capstone/ws_capstone/devel/.private/ggcnn/share/ggcnn/cmake/ggcnn-msg-extras.cmake, /home/liam/git/vision_grasp_capstone/ws_capstone/devel/share/ggcnn/cmake/ggcnn-msg-extras.cmake)
Linked: (/home/liam/git/vision_grasp_capstone/ws_capstone/devel/.private/ggcnn/share/ggcnn/cmake/ggcnnConfig.cmake, /home/liam/git/vision_grasp_capstone/ws_capstone/devel/share/ggcnn/cmake/ggcnnConfig.cmake)
Linked: (/home/liam/git/vision_grasp_capstone/ws_capstone/devel/.private/ggcnn/share/ggcnn/cmake/ggcnnConfig-version.cmake, /home/liam/git/vision_grasp_capstone/ws_capstone/devel/share/ggcnn/cmake/ggcnnConfig-version.cmake)
Linked: (/home/liam/git/vision_grasp_capstone/ws_capstone/devel/.private/ggcnn/share/roseus/ros/ggcnn/manifest.l, /home/liam/git/vision_grasp_capstone/ws_capstone/devel/share/roseus/ros/ggcnn/manifest.l)
Linked: (/home/liam/git/vision_grasp_capstone/ws_capstone/devel/.private/ggcnn/share/roseus/ros/ggcnn/srv/GraspPrediction.l, /home/liam/git/vision_grasp_capstone/ws_capstone/devel/share/roseus/ros/ggcnn/srv/GraspPrediction.l)
Linked: (/home/liam/git/vision_grasp_capstone/ws_capstone/devel/.private/ggcnn/share/roseus/ros/ggcnn/msg/Grasp.l, /home/liam/git/vision_grasp_capstone/ws_capstone/devel/share/roseus/ros/ggcnn/msg/Grasp.l)
